{
  "RSpec": {
    "coverage": {
      "/Users/kalle/Desktop/gamehub/config/environment.rb": [
        null,
        1,
        null,
        null,
        1
      ],
      "/Users/kalle/Desktop/gamehub/config/application.rb": [
        1,
        null,
        1,
        null,
        null,
        null,
        1,
        null,
        1,
        1,
        null,
        null,
        null,
        null,
        null,
        null,
        null,
        null,
        null,
        null,
        null,
        null,
        null
      ],
      "/Users/kalle/Desktop/gamehub/config/boot.rb": [
        null,
        1,
        null,
        1
      ],
      "/Users/kalle/Desktop/gamehub/config/environments/test.rb": [
        1,
        null,
        null,
        null,
        null,
        null,
        null,
        1,
        null,
        null,
        null,
        null,
        1,
        null,
        null,
        1,
        1,
        null,
        null,
        1,
        1,
        null,
        null,
        1,
        null,
        null,
        1,
        null,
        null,
        null,
        null,
        1,
        null,
        null,
        1,
        null
      ],
      "/Users/kalle/Desktop/gamehub/config/initializers/backtrace_silencers.rb": [
        null,
        null,
        null,
        null,
        null,
        null,
        null
      ],
      "/Users/kalle/Desktop/gamehub/config/initializers/filter_parameter_logging.rb": [
        null,
        null,
        null,
        1
      ],
      "/Users/kalle/Desktop/gamehub/config/initializers/inflections.rb": [
        null,
        null,
        null,
        null,
        null,
        null,
        null,
        null,
        null,
        null,
        null,
        null,
        null,
        null,
        null,
        null
      ],
      "/Users/kalle/Desktop/gamehub/config/initializers/mime_types.rb": [
        null,
        null,
        null,
        null,
        null
      ],
      "/Users/kalle/Desktop/gamehub/config/initializers/secret_token.rb": [
        null,
        null,
        null,
        null,
        null,
        null,
        null,
        null,
        null,
        null,
        null,
        1
      ],
      "/Users/kalle/Desktop/gamehub/config/initializers/session_store.rb": [
        null,
        null,
        1
      ],
      "/Users/kalle/Desktop/gamehub/config/initializers/wrap_parameters.rb": [
        null,
        null,
        null,
        null,
        null,
        null,
        1,
        1,
        null,
        null,
        null,
        null,
        null,
        null
      ],
      "/Users/kalle/Desktop/gamehub/spec/factories.rb": [
        1,
        1,
        1,
        1,
        1,
        1,
        null,
        null,
        1,
        1,
        1,
        1,
        null,
        null,
        1,
        1,
        null,
        null,
        1,
        1,
        1,
        null,
        null,
        1,
        1,
        1,
        1,
        1,
        1,
        1,
        1,
        null,
        null,
        1,
        1,
        null,
        null
      ],
      "/Users/kalle/Desktop/gamehub/config/routes.rb": [
        1,
        1,
        null,
        1,
        null,
        1,
        null,
        1,
        null,
        1,
        null,
        1,
        null,
        1,
        1,
        1,
        1,
        1,
        1,
        1,
        null,
        null,
        null,
        null,
        null,
        null,
        null,
        null,
        null,
        null,
        null,
        null,
        null,
        null,
        null,
        null,
        null,
        null,
        null,
        null,
        null,
        null,
        null,
        null,
        null,
        null,
        null,
        null,
        null,
        null,
        null,
        null,
        null,
        null,
        null,
        null,
        null,
        null,
        null,
        null,
        null,
        null,
        null,
        null,
        null,
        null,
        null,
        null,
        null,
        null,
        null,
        null,
        null,
        null,
        null,
        null
      ],
      "/Users/kalle/Desktop/gamehub/app/helpers/admins_helper.rb": [
        1,
        null
      ],
      "/Users/kalle/Desktop/gamehub/app/helpers/application_helper.rb": [
        1,
        null
      ],
      "/Users/kalle/Desktop/gamehub/app/helpers/games_helper.rb": [
        1,
        null
      ],
      "/Users/kalle/Desktop/gamehub/app/helpers/genre_games_helper.rb": [
        1,
        null
      ],
      "/Users/kalle/Desktop/gamehub/app/helpers/genres_helper.rb": [
        1,
        null
      ],
      "/Users/kalle/Desktop/gamehub/app/helpers/reviews_helper.rb": [
        1,
        null
      ],
      "/Users/kalle/Desktop/gamehub/app/helpers/users_helper.rb": [
        1,
        null
      ],
      "/Users/kalle/Desktop/gamehub/app/controllers/games_controller.rb": [
        1,
        1,
        1,
        1,
        1,
        null,
        null,
        1,
        43,
        43,
        43,
        43,
        null,
        null,
        null,
        null,
        1,
        6,
        null,
        null,
        null,
        1,
        1,
        1,
        null,
        null,
        null,
        1,
        0,
        null,
        null,
        null,
        null,
        1,
        1,
        1,
        1,
        2,
        1,
        null,
        0,
        0,
        0,
        null,
        null,
        null,
        null,
        null,
        null,
        1,
        0,
        0,
        0,
        0,
        0,
        0,
        null,
        null,
        0,
        null,
        0,
        0,
        null,
        null,
        null,
        null,
        null,
        1,
        1,
        1,
        2,
        1,
        null,
        null,
        null,
        1,
        null,
        1,
        6,
        null,
        null,
        null,
        1,
        1,
        null,
        null,
        1,
        2,
        null,
        null,
        1,
        1,
        null,
        null,
        1,
        0,
        null,
        null
      ],
      "/Users/kalle/Desktop/gamehub/app/controllers/application_controller.rb": [
        1,
        null,
        null,
        1,
        1,
        null,
        1,
        437,
        null,
        null,
        1,
        2,
        0,
        null,
        null,
        null,
        1,
        3,
        null,
        null,
        1,
        110,
        24,
        86,
        24,
        null,
        62,
        62,
        null,
        null
      ],
      "/Users/kalle/Desktop/gamehub/spec/controllers/genres_spec.rb": [
        1,
        null,
        1,
        1,
        1,
        1,
        1,
        null,
        null,
        1,
        1,
        1,
        1,
        null,
        null,
        1,
        1,
        1,
        null,
        null,
        1,
        1,
        1,
        1,
        null,
        null
      ],
      "/Users/kalle/Desktop/gamehub/app/controllers/genres_controller.rb": [
        1,
        1,
        1,
        1,
        1,
        null,
        null,
        null,
        1,
        6,
        null,
        null,
        null,
        null,
        1,
        null,
        null,
        null,
        1,
        1,
        null,
        null,
        null,
        1,
        null,
        null,
        null,
        null,
        1,
        1,
        null,
        1,
        1,
        2,
        1,
        null,
        0,
        0,
        null,
        null,
        null,
        null,
        null,
        null,
        1,
        0,
        0,
        0,
        0,
        null,
        0,
        0,
        null,
        null,
        null,
        null,
        null,
        null,
        1,
        1,
        1,
        2,
        1,
        null,
        null,
        null,
        1,
        null,
        1,
        5,
        null,
        null,
        null,
        1,
        1,
        null,
        null,
        1,
        2,
        null,
        null,
        1,
        1,
        null,
        null,
        1,
        0,
        null,
        null
      ],
      "/Users/kalle/Desktop/gamehub/spec/controllers/reviews_spec.rb": [
        1,
        null,
        1,
        1,
        1,
        1,
        1,
        1,
        1,
        null,
        null,
        1,
        1,
        1,
        null,
        null
      ],
      "/Users/kalle/Desktop/gamehub/app/controllers/reviews_controller.rb": [
        1,
        1,
        1,
        1,
        1,
        null,
        null,
        1,
        5,
        5,
        5,
        5,
        null,
        null,
        null,
        null,
        1,
        null,
        null,
        null,
        1,
        1,
        1,
        null,
        null,
        null,
        1,
        null,
        null,
        null,
        null,
        1,
        1,
        1,
        1,
        null,
        0,
        0,
        null,
        null,
        null,
        null,
        null,
        1,
        0,
        0,
        0,
        0,
        null,
        0,
        0,
        null,
        null,
        null,
        null,
        null,
        null,
        1,
        0,
        0,
        0,
        0,
        null,
        null,
        null,
        1,
        null,
        1,
        0,
        null,
        null,
        1,
        1,
        0,
        null,
        1,
        1,
        1,
        0,
        1,
        0,
        null,
        null,
        null,
        null,
        null,
        1,
        1,
        null,
        null,
        1,
        0,
        0,
        null,
        null
      ],
      "/Users/kalle/Desktop/gamehub/spec/controllers/users_spec.rb": [
        1,
        null,
        1,
        1,
        1,
        1,
        1,
        null,
        null,
        1,
        1,
        1,
        1,
        null,
        null,
        1,
        1,
        1,
        null,
        null,
        1,
        1,
        1,
        1,
        null,
        null
      ],
      "/Users/kalle/Desktop/gamehub/app/controllers/users_controller.rb": [
        1,
        1,
        1,
        null,
        null,
        1,
        5,
        5,
        5,
        null,
        null,
        null,
        null,
        1,
        null,
        null,
        null,
        1,
        1,
        null,
        null,
        null,
        1,
        null,
        null,
        1,
        0,
        null,
        null,
        1,
        0,
        0,
        0,
        0,
        0,
        null,
        0,
        null,
        null,
        null,
        null,
        null,
        1,
        1,
        null,
        1,
        1,
        1,
        2,
        1,
        null,
        0,
        0,
        null,
        null,
        null,
        null,
        null,
        null,
        1,
        0,
        0,
        0,
        0,
        null,
        0,
        0,
        null,
        null,
        null,
        null,
        null,
        null,
        1,
        0,
        0,
        0,
        0,
        null,
        null,
        null,
        1,
        null,
        1,
        3,
        null,
        null,
        null,
        1,
        1,
        null,
        null,
        1,
        0,
        0,
        null,
        null,
        null
      ],
      "/Users/kalle/Desktop/gamehub/spec/features/games_page_spec.rb": [
        1,
        null,
        1,
        null,
        1,
        1,
        null,
        null,
        1,
        6,
        6,
        6,
        6,
        6,
        6,
        6,
        6,
        null,
        null,
        1,
        1,
        1,
        1,
        null,
        null,
        1,
        1,
        1,
        1,
        1,
        1,
        1,
        null,
        null,
        1,
        1,
        1,
        1,
        1,
        1,
        1,
        1,
        1,
        null,
        null,
        1,
        1,
        1,
        1,
        1,
        1,
        1,
        1,
        null,
        null,
        1,
        1,
        1,
        1,
        1,
        1,
        1,
        1,
        null,
        null,
        1,
        1,
        1,
        1,
        1,
        1,
        null,
        null,
        1,
        6,
        null,
        null,
        1,
        1,
        null,
        null
      ],
      "/Users/kalle/Desktop/gamehub/spec/features/genres_list_spec.rb": [
        1,
        null,
        1,
        null,
        1,
        1,
        null,
        null,
        1,
        5,
        5,
        5,
        5,
        5,
        5,
        5,
        5,
        null,
        null,
        1,
        1,
        1,
        1,
        null,
        null,
        1,
        1,
        1,
        1,
        1,
        1,
        1,
        null,
        null,
        1,
        1,
        1,
        1,
        1,
        1,
        1,
        1,
        null,
        null,
        1,
        1,
        1,
        1,
        1,
        1,
        null,
        null,
        1,
        1,
        1,
        1,
        1,
        1,
        null,
        null,
        1,
        5,
        null,
        null,
        1,
        1,
        null,
        null
      ],
      "/Users/kalle/Desktop/gamehub/spec/features/reviews_list_spec.rb": [
        1,
        null,
        1,
        null,
        1,
        1,
        null,
        null,
        1,
        4,
        4,
        null,
        null,
        3,
        3,
        3,
        3,
        null,
        1,
        1,
        1,
        1,
        null,
        null,
        1,
        1,
        1,
        1,
        1,
        1,
        1,
        1,
        1,
        null,
        null,
        1,
        1,
        1,
        1,
        1,
        1,
        null,
        null,
        1,
        1,
        1,
        1,
        1,
        1,
        1,
        1,
        1,
        1,
        1,
        1,
        1,
        1,
        null,
        null,
        1,
        4,
        null,
        null,
        1,
        1,
        null,
        null
      ],
      "/Users/kalle/Desktop/gamehub/spec/features/users_list_spec.rb": [
        1,
        null,
        1,
        null,
        1,
        1,
        null,
        null,
        1,
        5,
        5,
        5,
        5,
        5,
        5,
        5,
        null,
        1,
        1,
        1,
        1,
        null,
        null,
        1,
        1,
        1,
        1,
        1,
        1,
        1,
        null,
        null,
        1,
        1,
        1,
        1,
        1,
        1,
        1,
        1,
        1,
        1,
        null,
        null,
        1,
        1,
        1,
        1,
        1,
        1,
        null,
        null,
        1,
        1,
        1,
        1,
        1,
        1,
        1,
        1,
        1,
        null,
        null,
        1,
        5,
        null,
        null,
        1,
        1,
        null,
        null
      ],
      "/Users/kalle/Desktop/gamehub/spec/models/admin_spec.rb": [
        1,
        null,
        1,
        1,
        1,
        1,
        1,
        null,
        null,
        1,
        1,
        1,
        1,
        1,
        1,
        1,
        1,
        null,
        null,
        1,
        1,
        1,
        1,
        1,
        null,
        null
      ],
      "/Users/kalle/Desktop/gamehub/app/models/admin.rb": [
        1,
        1,
        null,
        1,
        null
      ],
      "/Users/kalle/Desktop/gamehub/spec/models/game_spec.rb": [
        1,
        null,
        1,
        4,
        null,
        1,
        1,
        1,
        1,
        null,
        null,
        1,
        1,
        1,
        1,
        null,
        null,
        1,
        1,
        1,
        1,
        null,
        null,
        1,
        1,
        1,
        1,
        null,
        null,
        1,
        1,
        1,
        1,
        1,
        1,
        1,
        null,
        null,
        1,
        1,
        1,
        1,
        1,
        1,
        null,
        null,
        1,
        1,
        1,
        1,
        1,
        1,
        null,
        null
      ],
      "/Users/kalle/Desktop/gamehub/app/models/game.rb": [
        1,
        1,
        1,
        1,
        1,
        null,
        1,
        1,
        null,
        1,
        1,
        1,
        null,
        1,
        null,
        1,
        14,
        null,
        null,
        1,
        76,
        null,
        null,
        1,
        76,
        null,
        null,
        1,
        83,
        83,
        13,
        null,
        83,
        null,
        null,
        1,
        30,
        null,
        null,
        null
      ],
      "/Users/kalle/Desktop/gamehub/spec/models/genre_spec.rb": [
        1,
        null,
        1,
        null,
        1,
        1,
        1,
        1,
        null,
        null,
        1,
        1,
        1,
        1,
        1,
        1,
        null,
        null,
        1,
        1,
        1,
        1,
        null,
        null,
        1,
        1,
        1,
        1,
        1,
        1,
        null,
        null,
        null
      ],
      "/Users/kalle/Desktop/gamehub/app/models/genre.rb": [
        1,
        1,
        1,
        null,
        1,
        null,
        1,
        0,
        null,
        null
      ],
      "/Users/kalle/Desktop/gamehub/spec/models/review_spec.rb": [
        1,
        null,
        1,
        8,
        8,
        null,
        1,
        1,
        1,
        1,
        null,
        null,
        1,
        1,
        1,
        1,
        null,
        null,
        1,
        1,
        1,
        1,
        null,
        null,
        1,
        1,
        1,
        1,
        null,
        null,
        1,
        1,
        1,
        1,
        null,
        null,
        1,
        1,
        1,
        1,
        null,
        null,
        1,
        1,
        1,
        1,
        null,
        null,
        1,
        1,
        1,
        1,
        null,
        null,
        null
      ],
      "/Users/kalle/Desktop/gamehub/app/models/review.rb": [
        1,
        1,
        1,
        1,
        null,
        1,
        1,
        1,
        1,
        null,
        1,
        1,
        1,
        null,
        1,
        12,
        null,
        null,
        1,
        7,
        null,
        null
      ],
      "/Users/kalle/Desktop/gamehub/spec/models/user_spec.rb": [
        1,
        null,
        1,
        4,
        3,
        1,
        1,
        1,
        null,
        null,
        1,
        1,
        1,
        1,
        null,
        null,
        1,
        1,
        1,
        1,
        null,
        null,
        1,
        1,
        1,
        1,
        null,
        null,
        1,
        1,
        1,
        1,
        null,
        null,
        1,
        1,
        1,
        1,
        null,
        null,
        1,
        1,
        1,
        1,
        1,
        null,
        null
      ],
      "/Users/kalle/Desktop/gamehub/app/models/user.rb": [
        1,
        1,
        1,
        null,
        1,
        null,
        1,
        1,
        null,
        1,
        1,
        null,
        1,
        null,
        1,
        1,
        null,
        null,
        1,
        80,
        null,
        null,
        1,
        6,
        0,
        null,
        6,
        null,
        null,
        1,
        0,
        null,
        null,
        1,
        1,
        null,
        null,
        1,
        13,
        null,
        null
      ],
      "/Users/kalle/Desktop/gamehub/spec/models/vote_spec.rb": [
        1,
        null,
        1,
        4,
        4,
        4,
        null,
        1,
        1,
        1,
        1,
        1,
        1,
        1,
        null,
        null,
        1,
        1,
        1,
        1,
        1,
        1,
        1,
        1,
        1,
        1,
        null,
        null,
        1,
        1,
        1,
        1,
        null,
        null
      ],
      "/Users/kalle/Desktop/gamehub/app/models/vote.rb": [
        1,
        1,
        1,
        null,
        1,
        1,
        null
      ],
      "/Users/kalle/Desktop/gamehub/app/models/genre_game.rb": [
        1,
        1,
        1,
        null,
        1,
        null
      ],
      "/Users/kalle/Desktop/gamehub/app/controllers/sessions_controller.rb": [
        1,
        1,
        null,
        null,
        1,
        18,
        18,
        18,
        18,
        null,
        0,
        null,
        null,
        null,
        1,
        1,
        1,
        null,
        null
      ]
    },
    "timestamp": 1394022454
  }
}
